#
# A fatal error has been detected by the Java Runtime Environment:
#
#  EXCEPTION_ACCESS_VIOLATION (0xc0000005) at pc=0x00007ffd04fd1e40, pid=30840, tid=23604
#
# JRE version: OpenJDK Runtime Environment (18.0.2.1+1) (build 18.0.2.1+1-1)
# Java VM: OpenJDK 64-Bit Server VM (18.0.2.1+1-1, mixed mode, sharing, tiered, compressed oops, compressed class ptrs, g1 gc, windows-amd64)
# Problematic frame:
# C  [ig9icd64.dll+0xc1e40]
#
# No core dump will be written. Minidumps are not enabled by default on client versions of Windows
#
# If you would like to submit a bug report, please visit:
#   https://bugreport.java.com/bugreport/crash.jsp
# The crash happened outside the Java Virtual Machine in native code.
# See problematic frame for where to report the bug.
#

---------------  S U M M A R Y ------------

Command Line: -Dfile.encoding=windows-1252 -Duser.country=ID -Duser.language=en -Duser.variant com.mygdx.game.DesktopLauncher

Host: Intel(R) Core(TM) i7-7700HQ CPU @ 2.80GHz, 8 cores, 15G,  Windows 10 , 64 bit Build 19041 (10.0.19041.3031)
Time: Thu Jun 22 13:28:05 2023 SE Asia Standard Time elapsed time: 3.192301 seconds (0d 0h 0m 3s)

---------------  T H R E A D  ---------------

Current thread (0x000001b35137b560):  JavaThread "main" [_thread_in_native, id=23604, stack(0x0000006fd2400000,0x0000006fd2500000)]

Stack: [0x0000006fd2400000,0x0000006fd2500000],  sp=0x0000006fd24fee28,  free space=1019k
Native frames: (J=compiled Java code, j=interpreted, Vv=VM code, C=native code)
C  [ig9icd64.dll+0xc1e40]

Java frames: (J=compiled Java code, j=interpreted, Vv=VM code)
j  org.lwjgl.opengl.GL11C.nglDrawElements(IIIJ)V+0
j  org.lwjgl.opengl.GL11C.glDrawElements(ILjava/nio/ShortBuffer;)V+12
j  org.lwjgl.opengl.GL11.glDrawElements(ILjava/nio/ShortBuffer;)V+2
j  com.badlogic.gdx.backends.lwjgl3.Lwjgl3GL20.glDrawElements(IIILjava/nio/Buffer;)V+49
j  com.badlogic.gdx.graphics.Mesh.render(Lcom/badlogic/gdx/graphics/glutils/ShaderProgram;IIIZ)V+78
j  com.badlogic.gdx.graphics.Mesh.render(Lcom/badlogic/gdx/graphics/glutils/ShaderProgram;III)V+10
j  com.badlogic.gdx.graphics.g2d.SpriteBatch.flush()V+184
j  com.badlogic.gdx.graphics.g2d.SpriteBatch.end()V+25
j  com.mygdx.game.kodoksCore.render()V+43
j  com.badlogic.gdx.backends.lwjgl3.Lwjgl3Window.update()Z+187
j  com.badlogic.gdx.backends.lwjgl3.Lwjgl3Application.loop()V+111
j  com.badlogic.gdx.backends.lwjgl3.Lwjgl3Application.<init>(Lcom/badlogic/gdx/ApplicationListener;Lcom/badlogic/gdx/backends/lwjgl3/Lwjgl3ApplicationConfiguration;)V+269
j  com.mygdx.game.DesktopLauncher.main([Ljava/lang/String;)V+42
v  ~StubRoutines::call_stub

siginfo: EXCEPTION_ACCESS_VIOLATION (0xc0000005), reading address 0x000001b37bf28030


Register to memory mapping:

RIP=0x00007ffd04fd1e40 ig9icd64.dll
RAX=0x00000000000000cf is an unknown value
RBX=0x000000000000ffff is an unknown value
RCX=0x000001b3005c063c points into unknown readable memory: 00 00 00 00
RDX=0x000001b37bf28030 is an unknown value
RSP=0x0000006fd24fee28 is pointing into the stack for thread: 0x000001b35137b560
RBP=0x0000000000000006 is an unknown value
RSI=0x0000006fd24feea0 is pointing into the stack for thread: 0x000001b35137b560
RDI=0x0 is NULL
R8 =0x000000000000000c is an unknown value
R9 =0x0000006fd24feea0 is pointing into the stack for thread: 0x000001b35137b560
R10=0xffffffff8469860c is an unknown value
R11=0x0000000000000006 is an unknown value
R12=0x000000000000000c is an unknown value
R13={method} {0x000001b376a35290} 'nglDrawElements' '(IIIJ)V' in 'org/lwjgl/opengl/GL11C'
R14=0x000001b37f1a5950 points into unknown readable memory: 0x000001b3005c063c | 3c 06 5c 00 b3 01 00 00
R15=0x000001b37add56b0 points into unknown readable memory: 0x000001b37bf28030 | 30 80 f2 7b b3 01 00 00


Registers:
RAX=0x00000000000000cf, RBX=0x000000000000ffff, RCX=0x000001b3005c063c, RDX=0x000001b37bf28030
RSP=0x0000006fd24fee28, RBP=0x0000000000000006, RSI=0x0000006fd24feea0, RDI=0x0000000000000000
R8 =0x000000000000000c, R9 =0x0000006fd24feea0, R10=0xffffffff8469860c, R11=0x0000000000000006
R12=0x000000000000000c, R13=0x000001b376a35288, R14=0x000001b37f1a5950, R15=0x000001b37add56b0
RIP=0x00007ffd04fd1e40, EFLAGS=0x0000000000010287

Top of Stack: (sp=0x0000006fd24fee28)
0x0000006fd24fee28:   00007ffd04f9e1f3 000001b3005c063c
0x0000006fd24fee38:   000001b37adaae00 0000000000060000
0x0000006fd24fee48:   0000000000060000 0000006fd24feeb0
0x0000006fd24fee58:   000001b35a4b9401 00000007111bda80
0x0000006fd24fee68:   0000000000000014 0000000000000000
0x0000006fd24fee78:   0000000000000004 0000000000000006
0x0000006fd24fee88:   0000000000000006 0000000000000004
0x0000006fd24fee98:   00007ffd05239a56 0000006fd24fef10
0x0000006fd24feea8:   0000000000001403 000001b376b68118
0x0000006fd24feeb8:   000001b37adaae00 0000000000000001
0x0000006fd24feec8:   00007ffd05831c5e 000001b37adaae00
0x0000006fd24feed8:   0000000000000000 0000000000000006
0x0000006fd24feee8:   0000000000000001 0000000000000002
0x0000006fd24feef8:   0000000000000006 000001b37adaae00
0x0000006fd24fef08:   00007ffd0523dd43 0000000000000004
0x0000006fd24fef18:   0000000000000001 0000000000001403 

Instructions: (pc=0x00007ffd04fd1e40)
0x00007ffd04fd1d40:   10 66 0f f9 c3 66 0f ea c8 66 0f ee d0 48 83 e9
0x00007ffd04fd1d50:   01 75 dd 66 0f fd cb 66 0f fd d3 66 0f c5 c1 00
0x00007ffd04fd1d60:   66 0f c5 c9 01 66 44 0f c5 c1 06 66 3b d8 66 0f
0x00007ffd04fd1d70:   46 c3 66 3b c1 66 0f 46 c8 66 0f c5 c1 02 66 3b
0x00007ffd04fd1d80:   c8 66 0f 46 c1 66 0f c5 c9 03 66 3b c1 66 0f 46
0x00007ffd04fd1d90:   c8 66 0f c5 c1 04 66 3b c8 66 0f 46 c1 66 0f c5
0x00007ffd04fd1da0:   c9 05 66 3b c1 66 0f 46 c8 66 41 3b c8 66 0f c5
0x00007ffd04fd1db0:   c1 07 66 44 0f 46 c1 66 0f c5 ca 01 66 44 3b c0
0x00007ffd04fd1dc0:   66 41 0f 46 c0 0f b7 d8 66 0f c5 c2 00 66 44 0f
0x00007ffd04fd1dd0:   c5 c2 06 66 3b f8 66 0f 43 c7 66 3b c1 66 0f 43
0x00007ffd04fd1de0:   c8 66 0f c5 c2 02 66 3b c8 66 0f 43 c1 66 0f c5
0x00007ffd04fd1df0:   ca 03 66 3b c1 66 0f 43 c8 66 0f c5 c2 04 66 3b
0x00007ffd04fd1e00:   c8 66 0f 43 c1 66 0f c5 ca 05 66 3b c1 66 0f 43
0x00007ffd04fd1e10:   c8 66 41 3b c8 66 0f c5 c2 07 66 44 0f 43 c1 66
0x00007ffd04fd1e20:   44 3b c0 66 41 0f 43 c0 0f b7 f8 4d 85 db 74 39
0x00007ffd04fd1e30:   4c 2b d2 0f 1f 40 00 66 0f 1f 84 00 00 00 00 00
0x00007ffd04fd1e40:   0f b7 0a 66 41 89 0c 12 48 8d 52 02 66 3b d9 0f
0x00007ffd04fd1e50:   b7 c1 66 0f 46 c3 66 3b f9 0f b7 d8 66 0f 43 cf
0x00007ffd04fd1e60:   0f b7 f9 49 83 eb 01 75 d7 48 8b 44 24 28 66 89
0x00007ffd04fd1e70:   1e 48 8b 5c 24 08 48 8b 74 24 10 66 89 38 48 8b
0x00007ffd04fd1e80:   7c 24 18 c3 cc cc cc cc cc cc cc cc cc cc cc cc
0x00007ffd04fd1e90:   48 89 5c 24 18 57 48 83 ec 50 45 8b d8 0f b6 c2
0x00007ffd04fd1ea0:   48 89 6c 24 60 f6 d0 33 ed 49 d1 eb 4c 8b d1 bf
0x00007ffd04fd1eb0:   ff ff 00 00 0f b7 dd a8 01 0f 84 8d 02 00 00 83
0x00007ffd04fd1ec0:   bc 24 90 00 00 00 06 0f 8c 7f 02 00 00 0f 18 42
0x00007ffd04fd1ed0:   20 0f 18 42 40 49 83 fb 08 0f 82 6d 02 00 00 48
0x00007ffd04fd1ee0:   89 74 24 68 8d 72 0f 83 e6 f0 2b f2 48 d1 ee 74
0x00007ffd04fd1ef0:   44 48 85 f6 74 3c 4c 8b c6 0f 1f 80 00 00 00 00
0x00007ffd04fd1f00:   0f b7 0a 48 83 c2 02 66 41 89 0a 49 83 c2 02 66
0x00007ffd04fd1f10:   41 3b c9 74 17 66 3b f9 0f b7 c1 66 0f 46 c7 66
0x00007ffd04fd1f20:   3b d9 0f b7 f8 66 0f 43 cb 0f b7 d9 49 83 e8 01
0x00007ffd04fd1f30:   75 ce 4c 2b de 48 8b 74 24 68 49 83 fb 08 0f 82 


Stack slot to memory mapping:
stack at sp + 0 slots: 0x00007ffd04f9e1f3 ig9icd64.dll
stack at sp + 1 slots: 0x000001b3005c063c points into unknown readable memory: 00 00 00 00
stack at sp + 2 slots: 0x000001b37adaae00 points into unknown readable memory: 0x000001b37ad5de80 | 80 de d5 7a b3 01 00 00
stack at sp + 3 slots: 0x0000000000060000 is an unknown value
stack at sp + 4 slots: 0x0000000000060000 is an unknown value
stack at sp + 5 slots: 0x0000006fd24feeb0 is pointing into the stack for thread: 0x000001b35137b560
stack at sp + 6 slots: 0x000001b35a4b9401 is at code_begin+865 in an Interpreter codelet
return entry points  [0x000001b35a4b90a0, 0x000001b35a4b9ba0]  2816 bytes
stack at sp + 7 slots: 0x00000007111bda80 is an oop: java.nio.DirectFloatBufferU 
{0x00000007111bda80} - klass: 'java/nio/DirectFloatBufferU'
 - ---- fields (total size 7 words):
 - private 'mark' 'I' @12  -1 (ffffffff)
 - 'address' 'J' @16  1870390183840 (7bf147a0 1b3)
 - private 'position' 'I' @24  3
 - private 'limit' 'I' @28  20 (14)
 - private 'capacity' 'I' @32  20000 (4e20)
 - final 'segment' 'Ljdk/internal/access/foreign/MemorySegmentProxy;' @36  NULL (0)
 - final 'offset' 'I' @40  0
 - 'isReadOnly' 'Z' @44  false
 - final 'hb' '[F' @48  NULL (0)
 - private final 'att' 'Ljava/lang/Object;' @52  a 'java/nio/DirectByteBuffer'{0x00000007111bda40} (e2237b48)


---------------  P R O C E S S  ---------------

Threads class SMR info:
_java_thread_list=0x000001b37aa45020, length=13, elements={
0x000001b35137b560, 0x000001b37609aa00, 0x000001b37609b660, 0x000001b3760b6d10,
0x000001b3760b76b0, 0x000001b3760b8050, 0x000001b3760c0a00, 0x000001b3760c8000,
0x000001b3760ccf20, 0x000001b3760d9830, 0x000001b37a4bc820, 0x000001b37a4be030,
0x000001b37a4bc350
}

Java Threads: ( => current thread )
=>0x000001b35137b560 JavaThread "main" [_thread_in_native, id=23604, stack(0x0000006fd2400000,0x0000006fd2500000)]
  0x000001b37609aa00 JavaThread "Reference Handler" daemon [_thread_blocked, id=29528, stack(0x0000006fd2b00000,0x0000006fd2c00000)]
  0x000001b37609b660 JavaThread "Finalizer" daemon [_thread_blocked, id=27076, stack(0x0000006fd2c00000,0x0000006fd2d00000)]
  0x000001b3760b6d10 JavaThread "Signal Dispatcher" daemon [_thread_blocked, id=35728, stack(0x0000006fd2d00000,0x0000006fd2e00000)]
  0x000001b3760b76b0 JavaThread "Attach Listener" daemon [_thread_blocked, id=8380, stack(0x0000006fd2e00000,0x0000006fd2f00000)]
  0x000001b3760b8050 JavaThread "Service Thread" daemon [_thread_blocked, id=33296, stack(0x0000006fd2f00000,0x0000006fd3000000)]
  0x000001b3760c0a00 JavaThread "Monitor Deflation Thread" daemon [_thread_blocked, id=23112, stack(0x0000006fd3000000,0x0000006fd3100000)]
  0x000001b3760c8000 JavaThread "C2 CompilerThread0" daemon [_thread_blocked, id=29344, stack(0x0000006fd3100000,0x0000006fd3200000)]
  0x000001b3760ccf20 JavaThread "C1 CompilerThread0" daemon [_thread_blocked, id=31524, stack(0x0000006fd3200000,0x0000006fd3300000)]
  0x000001b3760d9830 JavaThread "Sweeper thread" daemon [_thread_blocked, id=31092, stack(0x0000006fd3300000,0x0000006fd3400000)]
  0x000001b37a4bc820 JavaThread "Notification Thread" daemon [_thread_blocked, id=32372, stack(0x0000006fd3400000,0x0000006fd3500000)]
  0x000001b37a4be030 JavaThread "Common-Cleaner" daemon [_thread_blocked, id=21956, stack(0x0000006fd3600000,0x0000006fd3700000)]
  0x000001b37a4bc350 JavaThread "LWJGL3 Timer" daemon [_thread_blocked, id=8176, stack(0x0000006fd4000000,0x0000006fd4100000)]

Other Threads:
  0x000001b351408270 VMThread "VM Thread" [stack: 0x0000006fd2a00000,0x0000006fd2b00000] [id=31648]
  0x000001b37a4c14b0 WatcherThread "VM Periodic Task Thread" [stack: 0x0000006fd3500000,0x0000006fd3600000] [id=21536]
  0x000001b3513ed8e0 WorkerThread "GC Thread#0" [stack: 0x0000006fd2500000,0x0000006fd2600000] [id=32324]
  0x000001b3513ff660 ConcurrentGCThread "G1 Main Marker" [stack: 0x0000006fd2600000,0x0000006fd2700000] [id=25256]
  0x000001b351401800 WorkerThread "G1 Conc#0" [stack: 0x0000006fd2700000,0x0000006fd2800000] [id=10072]
  0x000001b35143e220 ConcurrentGCThread "G1 Refine#0" [stack: 0x0000006fd2800000,0x0000006fd2900000] [id=8536]
  0x000001b35143eb30 ConcurrentGCThread "G1 Service" [stack: 0x0000006fd2900000,0x0000006fd2a00000] [id=27900]

Threads with active compile tasks:

VM state: not at safepoint (normal execution)

VM Mutex/Monitor currently owned by a thread: None

Heap address: 0x0000000701c00000, size: 4068 MB, Compressed Oops mode: Zero based, Oop shift amount: 3

CDS archive(s) mapped at: [0x0000000800000000-0x0000000800ba0000-0x0000000800ba0000), size 12189696, SharedBaseAddress: 0x0000000800000000, ArchiveRelocationMode: 0.
Compressed class space mapped at: 0x0000000800c00000-0x0000000840c00000, reserved size: 1073741824
Narrow klass base: 0x0000000800000000, Narrow klass shift: 0, Narrow klass range: 0x100000000

GC Precious Log:
 CardTable entry size: 512
 Card Set container configuration: InlinePtr #cards 4 size 8 Array Of Cards #cards 16 size 48 Howl #buckets 8 coarsen threshold 3686 Howl Bitmap #cards 512 size 80 coarsen threshold 460 Card regions per heap region 1 cards per card region 4096
 CPUs: 8 total, 8 available
 Memory: 16267M
 Large Page Support: Disabled
 NUMA Support: Disabled
 Compressed Oops: Enabled (Zero based)
 Heap Region Size: 2M
 Heap Min Capacity: 8M
 Heap Initial Capacity: 256M
 Heap Max Capacity: 4068M
 Pre-touch: Disabled
 Parallel Workers: 8
 Concurrent Workers: 2
 Concurrent Refinement Workers: 8
 Periodic GC: Disabled

Heap:
 garbage-first heap   total 262144K, used 12288K [0x0000000701c00000, 0x0000000800000000)
  region size 2048K, 8 young (16384K), 0 survivors (0K)
 Metaspace       used 5536K, committed 5760K, reserved 1114112K
  class space    used 378K, committed 512K, reserved 1048576K

Heap Regions: E=young(eden), S=young(survivor), O=old, HS=humongous(starts), HC=humongous(continues), CS=collection set, F=free, OA=open archive, CA=closed archive, TAMS=top-at-mark-start (previous, next)
|   0|0x0000000701c00000, 0x0000000701c00000, 0x0000000701e00000|  0%| F|  |TAMS 0x0000000701c00000, 0x0000000701c00000| Untracked 
|   1|0x0000000701e00000, 0x0000000701e00000, 0x0000000702000000|  0%| F|  |TAMS 0x0000000701e00000, 0x0000000701e00000| Untracked 
|   2|0x0000000702000000, 0x0000000702000000, 0x0000000702200000|  0%| F|  |TAMS 0x0000000702000000, 0x0000000702000000| Untracked 
|   3|0x0000000702200000, 0x0000000702200000, 0x0000000702400000|  0%| F|  |TAMS 0x0000000702200000, 0x0000000702200000| Untracked 
|   4|0x0000000702400000, 0x0000000702400000, 0x0000000702600000|  0%| F|  |TAMS 0x0000000702400000, 0x0000000702400000| Untracked 
|   5|0x0000000702600000, 0x0000000702600000, 0x0000000702800000|  0%| F|  |TAMS 0x0000000702600000, 0x0000000702600000| Untracked 
|   6|0x0000000702800000, 0x0000000702800000, 0x0000000702a00000|  0%| F|  |TAMS 0x0000000702800000, 0x0000000702800000| Untracked 
|   7|0x0000000702a00000, 0x0000000702a00000, 0x0000000702c00000|  0%| F|  |TAMS 0x0000000702a00000, 0x0000000702a00000| Untracked 
|   8|0x0000000702c00000, 0x0000000702c00000, 0x0000000702e00000|  0%| F|  |TAMS 0x0000000702c00000, 0x0000000702c00000| Untracked 
|   9|0x0000000702e00000, 0x0000000702e00000, 0x0000000703000000|  0%| F|  |TAMS 0x0000000702e00000, 0x0000000702e00000| Untracked 
|  10|0x0000000703000000, 0x0000000703000000, 0x0000000703200000|  0%| F|  |TAMS 0x0000000703000000, 0x0000000703000000| Untracked 
|  11|0x0000000703200000, 0x0000000703200000, 0x0000000703400000|  0%| F|  |TAMS 0x0000000703200000, 0x0000000703200000| Untracked 
|  12|0x0000000703400000, 0x0000000703400000, 0x0000000703600000|  0%| F|  |TAMS 0x0000000703400000, 0x0000000703400000| Untracked 
|  13|0x0000000703600000, 0x0000000703600000, 0x0000000703800000|  0%| F|  |TAMS 0x0000000703600000, 0x0000000703600000| Untracked 
|  14|0x0000000703800000, 0x0000000703800000, 0x0000000703a00000|  0%| F|  |TAMS 0x0000000703800000, 0x0000000703800000| Untracked 
|  15|0x0000000703a00000, 0x0000000703a00000, 0x0000000703c00000|  0%| F|  |TAMS 0x0000000703a00000, 0x0000000703a00000| Untracked 
|  16|0x0000000703c00000, 0x0000000703c00000, 0x0000000703e00000|  0%| F|  |TAMS 0x0000000703c00000, 0x0000000703c00000| Untracked 
|  17|0x0000000703e00000, 0x0000000703e00000, 0x0000000704000000|  0%| F|  |TAMS 0x0000000703e00000, 0x0000000703e00000| Untracked 
|  18|0x0000000704000000, 0x0000000704000000, 0x0000000704200000|  0%| F|  |TAMS 0x0000000704000000, 0x0000000704000000| Untracked 
|  19|0x0000000704200000, 0x0000000704200000, 0x0000000704400000|  0%| F|  |TAMS 0x0000000704200000, 0x0000000704200000| Untracked 
|  20|0x0000000704400000, 0x0000000704400000, 0x0000000704600000|  0%| F|  |TAMS 0x0000000704400000, 0x0000000704400000| Untracked 
|  21|0x0000000704600000, 0x0000000704600000, 0x0000000704800000|  0%| F|  |TAMS 0x0000000704600000, 0x0000000704600000| Untracked 
|  22|0x0000000704800000, 0x0000000704800000, 0x0000000704a00000|  0%| F|  |TAMS 0x0000000704800000, 0x0000000704800000| Untracked 
|  23|0x0000000704a00000, 0x0000000704a00000, 0x0000000704c00000|  0%| F|  |TAMS 0x0000000704a00000, 0x0000000704a00000| Untracked 
|  24|0x0000000704c00000, 0x0000000704c00000, 0x0000000704e00000|  0%| F|  |TAMS 0x0000000704c00000, 0x0000000704c00000| Untracked 
|  25|0x0000000704e00000, 0x0000000704e00000, 0x0000000705000000|  0%| F|  |TAMS 0x0000000704e00000, 0x0000000704e00000| Untracked 
|  26|0x0000000705000000, 0x0000000705000000, 0x0000000705200000|  0%| F|  |TAMS 0x0000000705000000, 0x0000000705000000| Untracked 
|  27|0x0000000705200000, 0x0000000705200000, 0x0000000705400000|  0%| F|  |TAMS 0x0000000705200000, 0x0000000705200000| Untracked 
|  28|0x0000000705400000, 0x0000000705400000, 0x0000000705600000|  0%| F|  |TAMS 0x0000000705400000, 0x0000000705400000| Untracked 
|  29|0x0000000705600000, 0x0000000705600000, 0x0000000705800000|  0%| F|  |TAMS 0x0000000705600000, 0x0000000705600000| Untracked 
|  30|0x0000000705800000, 0x0000000705800000, 0x0000000705a00000|  0%| F|  |TAMS 0x0000000705800000, 0x0000000705800000| Untracked 
|  31|0x0000000705a00000, 0x0000000705a00000, 0x0000000705c00000|  0%| F|  |TAMS 0x0000000705a00000, 0x0000000705a00000| Untracked 
|  32|0x0000000705c00000, 0x0000000705c00000, 0x0000000705e00000|  0%| F|  |TAMS 0x0000000705c00000, 0x0000000705c00000| Untracked 
|  33|0x0000000705e00000, 0x0000000705e00000, 0x0000000706000000|  0%| F|  |TAMS 0x0000000705e00000, 0x0000000705e00000| Untracked 
|  34|0x0000000706000000, 0x0000000706000000, 0x0000000706200000|  0%| F|  |TAMS 0x0000000706000000, 0x0000000706000000| Untracked 
|  35|0x0000000706200000, 0x0000000706200000, 0x0000000706400000|  0%| F|  |TAMS 0x0000000706200000, 0x0000000706200000| Untracked 
|  36|0x0000000706400000, 0x0000000706400000, 0x0000000706600000|  0%| F|  |TAMS 0x0000000706400000, 0x0000000706400000| Untracked 
|  37|0x0000000706600000, 0x0000000706600000, 0x0000000706800000|  0%| F|  |TAMS 0x0000000706600000, 0x0000000706600000| Untracked 
|  38|0x0000000706800000, 0x0000000706800000, 0x0000000706a00000|  0%| F|  |TAMS 0x0000000706800000, 0x0000000706800000| Untracked 
|  39|0x0000000706a00000, 0x0000000706a00000, 0x0000000706c00000|  0%| F|  |TAMS 0x0000000706a00000, 0x0000000706a00000| Untracked 
|  40|0x0000000706c00000, 0x0000000706c00000, 0x0000000706e00000|  0%| F|  |TAMS 0x0000000706c00000, 0x0000000706c00000| Untracked 
|  41|0x0000000706e00000, 0x0000000706e00000, 0x0000000707000000|  0%| F|  |TAMS 0x0000000706e00000, 0x0000000706e00000| Untracked 
|  42|0x0000000707000000, 0x0000000707000000, 0x0000000707200000|  0%| F|  |TAMS 0x0000000707000000, 0x0000000707000000| Untracked 
|  43|0x0000000707200000, 0x0000000707200000, 0x0000000707400000|  0%| F|  |TAMS 0x0000000707200000, 0x0000000707200000| Untracked 
|  44|0x0000000707400000, 0x0000000707400000, 0x0000000707600000|  0%| F|  |TAMS 0x0000000707400000, 0x0000000707400000| Untracked 
|  45|0x0000000707600000, 0x0000000707600000, 0x0000000707800000|  0%| F|  |TAMS 0x0000000707600000, 0x0000000707600000| Untracked 
|  46|0x0000000707800000, 0x0000000707800000, 0x0000000707a00000|  0%| F|  |TAMS 0x0000000707800000, 0x0000000707800000| Untracked 
|  47|0x0000000707a00000, 0x0000000707a00000, 0x0000000707c00000|  0%| F|  |TAMS 0x0000000707a00000, 0x0000000707a00000| Untracked 
|  48|0x0000000707c00000, 0x0000000707c00000, 0x0000000707e00000|  0%| F|  |TAMS 0x0000000707c00000, 0x0000000707c00000| Untracked 
|  49|0x0000000707e00000, 0x0000000707e00000, 0x0000000708000000|  0%| F|  |TAMS 0x0000000707e00000, 0x0000000707e00000| Untracked 
|  50|0x0000000708000000, 0x0000000708000000, 0x0000000708200000|  0%| F|  |TAMS 0x0000000708000000, 0x0000000708000000| Untracked 
|  51|0x0000000708200000, 0x0000000708200000, 0x0000000708400000|  0%| F|  |TAMS 0x0000000708200000, 0x0000000708200000| Untracked 
|  52|0x0000000708400000, 0x0000000708400000, 0x0000000708600000|  0%| F|  |TAMS 0x0000000708400000, 0x0000000708400000| Untracked 
|  53|0x0000000708600000, 0x0000000708600000, 0x0000000708800000|  0%| F|  |TAMS 0x0000000708600000, 0x0000000708600000| Untracked 
|  54|0x0000000708800000, 0x0000000708800000, 0x0000000708a00000|  0%| F|  |TAMS 0x0000000708800000, 0x0000000708800000| Untracked 
|  55|0x0000000708a00000, 0x0000000708a00000, 0x0000000708c00000|  0%| F|  |TAMS 0x0000000708a00000, 0x0000000708a00000| Untracked 
|  56|0x0000000708c00000, 0x0000000708c00000, 0x0000000708e00000|  0%| F|  |TAMS 0x0000000708c00000, 0x0000000708c00000| Untracked 
|  57|0x0000000708e00000, 0x0000000708e00000, 0x0000000709000000|  0%| F|  |TAMS 0x0000000708e00000, 0x0000000708e00000| Untracked 
|  58|0x0000000709000000, 0x0000000709000000, 0x0000000709200000|  0%| F|  |TAMS 0x0000000709000000, 0x0000000709000000| Untracked 
|  59|0x0000000709200000, 0x0000000709200000, 0x0000000709400000|  0%| F|  |TAMS 0x0000000709200000, 0x0000000709200000| Untracked 
|  60|0x0000000709400000, 0x0000000709400000, 0x0000000709600000|  0%| F|  |TAMS 0x0000000709400000, 0x0000000709400000| Untracked 
|  61|0x0000000709600000, 0x0000000709600000, 0x0000000709800000|  0%| F|  |TAMS 0x0000000709600000, 0x0000000709600000| Untracked 
|  62|0x0000000709800000, 0x0000000709800000, 0x0000000709a00000|  0%| F|  |TAMS 0x0000000709800000, 0x0000000709800000| Untracked 
|  63|0x0000000709a00000, 0x0000000709a00000, 0x0000000709c00000|  0%| F|  |TAMS 0x0000000709a00000, 0x0000000709a00000| Untracked 
|  64|0x0000000709c00000, 0x0000000709c00000, 0x0000000709e00000|  0%| F|  |TAMS 0x0000000709c00000, 0x0000000709c00000| Untracked 
|  65|0x0000000709e00000, 0x0000000709e00000, 0x000000070a000000|  0%| F|  |TAMS 0x0000000709e00000, 0x0000000709e00000| Untracked 
|  66|0x000000070a000000, 0x000000070a000000, 0x000000070a200000|  0%| F|  |TAMS 0x000000070a000000, 0x000000070a000000| Untracked 
|  67|0x000000070a200000, 0x000000070a200000, 0x000000070a400000|  0%| F|  |TAMS 0x000000070a200000, 0x000000070a200000| Untracked 
|  68|0x000000070a400000, 0x000000070a400000, 0x000000070a600000|  0%| F|  |TAMS 0x000000070a400000, 0x000000070a400000| Untracked 
|  69|0x000000070a600000, 0x000000070a600000, 0x000000070a800000|  0%| F|  |TAMS 0x000000070a600000, 0x000000070a600000| Untracked 
|  70|0x000000070a800000, 0x000000070a800000, 0x000000070aa00000|  0%| F|  |TAMS 0x000000070a800000, 0x000000070a800000| Untracked 
|  71|0x000000070aa00000, 0x000000070aa00000, 0x000000070ac00000|  0%| F|  |TAMS 0x000000070aa00000, 0x000000070aa00000| Untracked 
|  72|0x000000070ac00000, 0x000000070ac00000, 0x000000070ae00000|  0%| F|  |TAMS 0x000000070ac00000, 0x000000070ac00000| Untracked 
|  73|0x000000070ae00000, 0x000000070ae00000, 0x000000070b000000|  0%| F|  |TAMS 0x000000070ae00000, 0x000000070ae00000| Untracked 
|  74|0x000000070b000000, 0x000000070b000000, 0x000000070b200000|  0%| F|  |TAMS 0x000000070b000000, 0x000000070b000000| Untracked 
|  75|0x000000070b200000, 0x000000070b200000, 0x000000070b400000|  0%| F|  |TAMS 0x000000070b200000, 0x000000070b200000| Untracked 
|  76|0x000000070b400000, 0x000000070b400000, 0x000000070b600000|  0%| F|  |TAMS 0x000000070b400000, 0x000000070b400000| Untracked 
|  77|0x000000070b600000, 0x000000070b600000, 0x000000070b800000|  0%| F|  |TAMS 0x000000070b600000, 0x000000070b600000| Untracked 
|  78|0x000000070b800000, 0x000000070b800000, 0x000000070ba00000|  0%| F|  |TAMS 0x000000070b800000, 0x000000070b800000| Untracked 
|  79|0x000000070ba00000, 0x000000070ba00000, 0x000000070bc00000|  0%| F|  |TAMS 0x000000070ba00000, 0x000000070ba00000| Untracked 
|  80|0x000000070bc00000, 0x000000070bc00000, 0x000000070be00000|  0%| F|  |TAMS 0x000000070bc00000, 0x000000070bc00000| Untracked 
|  81|0x000000070be00000, 0x000000070be00000, 0x000000070c000000|  0%| F|  |TAMS 0x000000070be00000, 0x000000070be00000| Untracked 
|  82|0x000000070c000000, 0x000000070c000000, 0x000000070c200000|  0%| F|  |TAMS 0x000000070c000000, 0x000000070c000000| Untracked 
|  83|0x000000070c200000, 0x000000070c200000, 0x000000070c400000|  0%| F|  |TAMS 0x000000070c200000, 0x000000070c200000| Untracked 
|  84|0x000000070c400000, 0x000000070c400000, 0x000000070c600000|  0%| F|  |TAMS 0x000000070c400000, 0x000000070c400000| Untracked 
|  85|0x000000070c600000, 0x000000070c600000, 0x000000070c800000|  0%| F|  |TAMS 0x000000070c600000, 0x000000070c600000| Untracked 
|  86|0x000000070c800000, 0x000000070c800000, 0x000000070ca00000|  0%| F|  |TAMS 0x000000070c800000, 0x000000070c800000| Untracked 
|  87|0x000000070ca00000, 0x000000070ca00000, 0x000000070cc00000|  0%| F|  |TAMS 0x000000070ca00000, 0x000000070ca00000| Untracked 
|  88|0x000000070cc00000, 0x000000070cc00000, 0x000000070ce00000|  0%| F|  |TAMS 0x000000070cc00000, 0x000000070cc00000| Untracked 
|  89|0x000000070ce00000, 0x000000070ce00000, 0x000000070d000000|  0%| F|  |TAMS 0x000000070ce00000, 0x000000070ce00000| Untracked 
|  90|0x000000070d000000, 0x000000070d000000, 0x000000070d200000|  0%| F|  |TAMS 0x000000070d000000, 0x000000070d000000| Untracked 
|  91|0x000000070d200000, 0x000000070d200000, 0x000000070d400000|  0%| F|  |TAMS 0x000000070d200000, 0x000000070d200000| Untracked 
|  92|0x000000070d400000, 0x000000070d400000, 0x000000070d600000|  0%| F|  |TAMS 0x000000070d400000, 0x000000070d400000| Untracked 
|  93|0x000000070d600000, 0x000000070d600000, 0x000000070d800000|  0%| F|  |TAMS 0x000000070d600000, 0x000000070d600000| Untracked 
|  94|0x000000070d800000, 0x000000070d800000, 0x000000070da00000|  0%| F|  |TAMS 0x000000070d800000, 0x000000070d800000| Untracked 
|  95|0x000000070da00000, 0x000000070da00000, 0x000000070dc00000|  0%| F|  |TAMS 0x000000070da00000, 0x000000070da00000| Untracked 
|  96|0x000000070dc00000, 0x000000070dc00000, 0x000000070de00000|  0%| F|  |TAMS 0x000000070dc00000, 0x000000070dc00000| Untracked 
|  97|0x000000070de00000, 0x000000070de00000, 0x000000070e000000|  0%| F|  |TAMS 0x000000070de00000, 0x000000070de00000| Untracked 
|  98|0x000000070e000000, 0x000000070e000000, 0x000000070e200000|  0%| F|  |TAMS 0x000000070e000000, 0x000000070e000000| Untracked 
|  99|0x000000070e200000, 0x000000070e200000, 0x000000070e400000|  0%| F|  |TAMS 0x000000070e200000, 0x000000070e200000| Untracked 
| 100|0x000000070e400000, 0x000000070e400000, 0x000000070e600000|  0%| F|  |TAMS 0x000000070e400000, 0x000000070e400000| Untracked 
| 101|0x000000070e600000, 0x000000070e600000, 0x000000070e800000|  0%| F|  |TAMS 0x000000070e600000, 0x000000070e600000| Untracked 
| 102|0x000000070e800000, 0x000000070e800000, 0x000000070ea00000|  0%| F|  |TAMS 0x000000070e800000, 0x000000070e800000| Untracked 
| 103|0x000000070ea00000, 0x000000070ea00000, 0x000000070ec00000|  0%| F|  |TAMS 0x000000070ea00000, 0x000000070ea00000| Untracked 
| 104|0x000000070ec00000, 0x000000070ec00000, 0x000000070ee00000|  0%| F|  |TAMS 0x000000070ec00000, 0x000000070ec00000| Untracked 
| 105|0x000000070ee00000, 0x000000070ee00000, 0x000000070f000000|  0%| F|  |TAMS 0x000000070ee00000, 0x000000070ee00000| Untracked 
| 106|0x000000070f000000, 0x000000070f000000, 0x000000070f200000|  0%| F|  |TAMS 0x000000070f000000, 0x000000070f000000| Untracked 
| 107|0x000000070f200000, 0x000000070f200000, 0x000000070f400000|  0%| F|  |TAMS 0x000000070f200000, 0x000000070f200000| Untracked 
| 108|0x000000070f400000, 0x000000070f400000, 0x000000070f600000|  0%| F|  |TAMS 0x000000070f400000, 0x000000070f400000| Untracked 
| 109|0x000000070f600000, 0x000000070f600000, 0x000000070f800000|  0%| F|  |TAMS 0x000000070f600000, 0x000000070f600000| Untracked 
| 110|0x000000070f800000, 0x000000070f800000, 0x000000070fa00000|  0%| F|  |TAMS 0x000000070f800000, 0x000000070f800000| Untracked 
| 111|0x000000070fa00000, 0x000000070fa00000, 0x000000070fc00000|  0%| F|  |TAMS 0x000000070fa00000, 0x000000070fa00000| Untracked 
| 112|0x000000070fc00000, 0x000000070fc00000, 0x000000070fe00000|  0%| F|  |TAMS 0x000000070fc00000, 0x000000070fc00000| Untracked 
| 113|0x000000070fe00000, 0x000000070fe00000, 0x0000000710000000|  0%| F|  |TAMS 0x000000070fe00000, 0x000000070fe00000| Untracked 
| 114|0x0000000710000000, 0x0000000710000000, 0x0000000710200000|  0%| F|  |TAMS 0x0000000710000000, 0x0000000710000000| Untracked 
| 115|0x0000000710200000, 0x0000000710200000, 0x0000000710400000|  0%| F|  |TAMS 0x0000000710200000, 0x0000000710200000| Untracked 
| 116|0x0000000710400000, 0x0000000710400000, 0x0000000710600000|  0%| F|  |TAMS 0x0000000710400000, 0x0000000710400000| Untracked 
| 117|0x0000000710600000, 0x0000000710600000, 0x0000000710800000|  0%| F|  |TAMS 0x0000000710600000, 0x0000000710600000| Untracked 
| 118|0x0000000710800000, 0x0000000710800000, 0x0000000710a00000|  0%| F|  |TAMS 0x0000000710800000, 0x0000000710800000| Untracked 
| 119|0x0000000710a00000, 0x0000000710a00000, 0x0000000710c00000|  0%| F|  |TAMS 0x0000000710a00000, 0x0000000710a00000| Untracked 
| 120|0x0000000710c00000, 0x0000000710dbbce0, 0x0000000710e00000| 86%| E|  |TAMS 0x0000000710c00000, 0x0000000710c00000| Complete 
| 121|0x0000000710e00000, 0x0000000711000000, 0x0000000711000000|100%| E|CS|TAMS 0x0000000710e00000, 0x0000000710e00000| Complete 
| 122|0x0000000711000000, 0x0000000711200000, 0x0000000711200000|100%| E|CS|TAMS 0x0000000711000000, 0x0000000711000000| Complete 
| 123|0x0000000711200000, 0x0000000711400000, 0x0000000711400000|100%| E|  |TAMS 0x0000000711200000, 0x0000000711200000| Complete 
| 124|0x0000000711400000, 0x0000000711600000, 0x0000000711600000|100%| E|CS|TAMS 0x0000000711400000, 0x0000000711400000| Complete 
| 125|0x0000000711600000, 0x0000000711800000, 0x0000000711800000|100%| E|CS|TAMS 0x0000000711600000, 0x0000000711600000| Complete 
| 126|0x0000000711800000, 0x0000000711a00000, 0x0000000711a00000|100%| E|CS|TAMS 0x0000000711800000, 0x0000000711800000| Complete 
| 127|0x0000000711a00000, 0x0000000711c00000, 0x0000000711c00000|100%| E|CS|TAMS 0x0000000711a00000, 0x0000000711a00000| Complete 

Card table byte_map: [0x000001b36a710000,0x000001b36af10000] _byte_map_base: 0x000001b366f02000

Marking Bits (Prev, Next): (CMBitMap*) 0x000001b3513eeef0, (CMBitMap*) 0x000001b3513eef30
 Prev Bits: [0x000001b36b710000, 0x000001b36f6a0000)
 Next Bits: [0x000001b36f6a0000, 0x000001b373630000)

Polling page: 0x000001b351440000

Metaspace:

Usage:
  Non-class:      5.04 MB used.
      Class:    378.08 KB used.
       Both:      5.41 MB used.

Virtual space:
  Non-class space:       64.00 MB reserved,       5.12 MB (  8%) committed,  1 nodes.
      Class space:        1.00 GB reserved,     512.00 KB ( <1%) committed,  1 nodes.
             Both:        1.06 GB reserved,       5.62 MB ( <1%) committed. 

Chunk freelists:
   Non-Class:  592.00 KB
       Class:  3.48 MB
        Both:  4.06 MB

MaxMetaspaceSize: unlimited
CompressedClassSpaceSize: 1.00 GB
Initial GC threshold: 21.00 MB
Current GC threshold: 21.00 MB
CDS: on
MetaspaceReclaimPolicy: balanced
 - commit_granule_bytes: 65536.
 - commit_granule_words: 8192.
 - virtual_space_node_default_size: 8388608.
 - enlarge_chunks_in_place: 1.
 - new_chunks_are_fully_committed: 0.
 - uncommit_free_chunks: 1.
 - use_allocation_guard: 0.


Internal statistics:

num_allocs_failed_limit: 0.
num_arena_births: 78.
num_arena_deaths: 0.
num_vsnodes_births: 2.
num_vsnodes_deaths: 0.
num_space_committed: 88.
num_space_uncommitted: 0.
num_chunks_returned_to_freelist: 0.
num_chunks_taken_from_freelist: 240.
num_chunk_merges: 0.
num_chunk_splits: 157.
num_chunks_enlarged: 117.
num_inconsistent_stats: 0.

CodeHeap 'non-profiled nmethods': size=120000Kb used=523Kb max_used=523Kb free=119476Kb
 bounds [0x000001b361f80000, 0x000001b3621f0000, 0x000001b3694b0000]
CodeHeap 'profiled nmethods': size=120000Kb used=1782Kb max_used=1782Kb free=118217Kb
 bounds [0x000001b35aa50000, 0x000001b35acc0000, 0x000001b361f80000]
CodeHeap 'non-nmethods': size=5760Kb used=1600Kb max_used=1637Kb free=4159Kb
 bounds [0x000001b35a4b0000, 0x000001b35a720000, 0x000001b35aa50000]
 total_blobs=1983 nmethods=967 adapters=929
 compilation: enabled
              stopped_count=0, restarted_count=0
 full_count=0

Compilation events (20 events):
Event: 3.081 Thread 0x000001b3760ccf20  959       3       com.badlogic.gdx.graphics.glutils.ShaderProgram::fetchUniformLocation (9 bytes)
Event: 3.081 Thread 0x000001b3760ccf20 nmethod 959 0x000001b35ac07310 code [0x000001b35ac074c0, 0x000001b35ac07628]
Event: 3.081 Thread 0x000001b3760ccf20  961       3       com.badlogic.gdx.graphics.glutils.ShaderProgram::setVertexAttribute (26 bytes)
Event: 3.081 Thread 0x000001b3760ccf20 nmethod 961 0x000001b35ac07710 code [0x000001b35ac078e0, 0x000001b35ac07bd8]
Event: 3.081 Thread 0x000001b3760ccf20  962       3       com.badlogic.gdx.backends.lwjgl3.Lwjgl3GL20::glVertexAttribPointer (311 bytes)
Event: 3.082 Thread 0x000001b3760ccf20 nmethod 962 0x000001b35ac07d90 code [0x000001b35ac08320, 0x000001b35ac0ab68]
Event: 3.082 Thread 0x000001b3760ccf20  964       3       com.badlogic.gdx.graphics.glutils.ShaderProgram::disableVertexAttribute (28 bytes)
Event: 3.082 Thread 0x000001b3760ccf20 nmethod 964 0x000001b35ac0b710 code [0x000001b35ac0b900, 0x000001b35ac0bd08]
Event: 3.082 Thread 0x000001b3760ccf20  965       3       com.badlogic.gdx.graphics.glutils.ShaderProgram::fetchAttributeLocation (44 bytes)
Event: 3.083 Thread 0x000001b3760ccf20 nmethod 965 0x000001b35ac0bf10 code [0x000001b35ac0c100, 0x000001b35ac0c568]
Event: 3.083 Thread 0x000001b3760ccf20  958       1       com.badlogic.gdx.backends.lwjgl3.Lwjgl3Graphics::getGL20 (5 bytes)
Event: 3.083 Thread 0x000001b3760ccf20 nmethod 958 0x000001b362002910 code [0x000001b362002aa0, 0x000001b362002b78]
Event: 3.097 Thread 0x000001b3760ccf20  966       3       com.badlogic.gdx.utils.Array::addAll (14 bytes)
Event: 3.097 Thread 0x000001b3760ccf20 nmethod 966 0x000001b35ac0c810 code [0x000001b35ac0c9c0, 0x000001b35ac0cb28]
Event: 3.097 Thread 0x000001b3760ccf20  967       3       com.badlogic.gdx.utils.Array::addAll (66 bytes)
Event: 3.097 Thread 0x000001b3760ccf20 nmethod 967 0x000001b35ac0cc10 code [0x000001b35ac0ce00, 0x000001b35ac0d318]
Event: 3.113 Thread 0x000001b3760ccf20  968       1       com.badlogic.gdx.backends.lwjgl3.Lwjgl3Graphics::isContinuousRendering (5 bytes)
Event: 3.113 Thread 0x000001b3760ccf20 nmethod 968 0x000001b362002c10 code [0x000001b362002da0, 0x000001b362002e78]
Event: 3.148 Thread 0x000001b3760ccf20  969       3       java.lang.Long::<init> (10 bytes)
Event: 3.148 Thread 0x000001b3760ccf20 nmethod 969 0x000001b35ac0d490 code [0x000001b35ac0d640, 0x000001b35ac0d818]

GC Heap History (0 events):
No events

Deoptimization events (20 events):
Event: 1.799 Thread 0x000001b35137b560 DEOPT PACKING pc=0x000001b361fd4490 sp=0x0000006fd24ff140
Event: 1.799 Thread 0x000001b35137b560 DEOPT UNPACKING pc=0x000001b35a5023a3 sp=0x0000006fd24ff0b0 mode 2
Event: 2.031 Thread 0x000001b35137b560 Uncommon trap: trap_request=0xffffffbe fr.pc=0x000001b361fd4490 relative=0x00000000000015b0
Event: 2.031 Thread 0x000001b35137b560 Uncommon trap: reason=profile_predicate action=maybe_recompile pc=0x000001b361fd4490 method=javazoom.jl.decoder.LayerIIIDecoder.dequantize_sample([[FII)V @ 378 c2
Event: 2.031 Thread 0x000001b35137b560 DEOPT PACKING pc=0x000001b361fd4490 sp=0x0000006fd24ff140
Event: 2.031 Thread 0x000001b35137b560 DEOPT UNPACKING pc=0x000001b35a5023a3 sp=0x0000006fd24ff0b0 mode 2
Event: 2.031 Thread 0x000001b35137b560 DEOPT PACKING pc=0x000001b35abb476e sp=0x0000006fd24ff1d0
Event: 2.031 Thread 0x000001b35137b560 DEOPT UNPACKING pc=0x000001b35a502b43 sp=0x0000006fd24fe678 mode 0
Event: 2.031 Thread 0x000001b35137b560 Uncommon trap: trap_request=0xffffffbe fr.pc=0x000001b361fd4490 relative=0x00000000000015b0
Event: 2.031 Thread 0x000001b35137b560 Uncommon trap: reason=profile_predicate action=maybe_recompile pc=0x000001b361fd4490 method=javazoom.jl.decoder.LayerIIIDecoder.dequantize_sample([[FII)V @ 378 c2
Event: 2.031 Thread 0x000001b35137b560 DEOPT PACKING pc=0x000001b361fd4490 sp=0x0000006fd24ff140
Event: 2.031 Thread 0x000001b35137b560 DEOPT UNPACKING pc=0x000001b35a5023a3 sp=0x0000006fd24ff0b0 mode 2
Event: 2.032 Thread 0x000001b35137b560 DEOPT PACKING pc=0x000001b35abb47ea sp=0x0000006fd24ff1d0
Event: 2.032 Thread 0x000001b35137b560 DEOPT UNPACKING pc=0x000001b35a502b43 sp=0x0000006fd24fe678 mode 0
Event: 2.032 Thread 0x000001b35137b560 Uncommon trap: trap_request=0xffffffbe fr.pc=0x000001b361fd4490 relative=0x00000000000015b0
Event: 2.032 Thread 0x000001b35137b560 Uncommon trap: reason=profile_predicate action=maybe_recompile pc=0x000001b361fd4490 method=javazoom.jl.decoder.LayerIIIDecoder.dequantize_sample([[FII)V @ 378 c2
Event: 2.032 Thread 0x000001b35137b560 DEOPT PACKING pc=0x000001b361fd4490 sp=0x0000006fd24ff140
Event: 2.032 Thread 0x000001b35137b560 DEOPT UNPACKING pc=0x000001b35a5023a3 sp=0x0000006fd24ff0b0 mode 2
Event: 2.032 Thread 0x000001b35137b560 DEOPT PACKING pc=0x000001b35abb476e sp=0x0000006fd24ff1d0
Event: 2.032 Thread 0x000001b35137b560 DEOPT UNPACKING pc=0x000001b35a502b43 sp=0x0000006fd24fe678 mode 0

Classes loaded (20 events):
Event: 0.876 Loading class java/lang/reflect/Proxy
Event: 0.877 Loading class java/lang/reflect/Proxy done
Event: 0.877 Loading class java/lang/reflect/InvocationHandler
Event: 0.877 Loading class java/lang/reflect/InvocationHandler done
Event: 0.877 Loading class java/lang/reflect/Proxy$1
Event: 0.877 Loading class java/lang/reflect/Proxy$1 done
Event: 0.877 Loading class java/io/Externalizable
Event: 0.877 Loading class java/io/Externalizable done
Event: 0.877 Loading class java/io/ObjectStreamClass$2
Event: 0.877 Loading class java/io/ObjectStreamClass$2 done
Event: 0.877 Loading class java/io/ClassCache$CacheRef
Event: 0.877 Loading class java/io/ClassCache$CacheRef done
Event: 0.877 Loading class java/io/ObjectStreamClass$FieldReflectorKey
Event: 0.877 Loading class java/io/ObjectStreamClass$FieldReflectorKey done
Event: 0.877 Loading class java/io/ObjectStreamClass$FieldReflector
Event: 0.877 Loading class java/io/ObjectStreamClass$FieldReflector done
Event: 0.878 Loading class java/io/ObjectStreamClass$ExceptionInfo
Event: 0.878 Loading class java/io/ObjectStreamClass$ExceptionInfo done
Event: 0.945 Loading class java/io/EOFException
Event: 0.945 Loading class java/io/EOFException done

Classes unloaded (0 events):
No events

Classes redefined (0 events):
No events

Internal exceptions (20 events):
Event: 0.223 Thread 0x000001b35137b560 Exception <a 'java/lang/NoSuchMethodError'{0x000000071179ad10}: 'int java.lang.invoke.DirectMethodHandle$Holder.invokeStaticInit(java.lang.Object, java.lang.Object, int, long)'> (0x000000071179ad10) 
thrown [s\open\src\hotspot\share\interpreter\linkResolver.cpp, line 759]
Event: 0.224 Thread 0x000001b35137b560 Exception <a 'java/lang/NoSuchMethodError'{0x00000007117a05d8}: 'java.lang.Object java.lang.invoke.DirectMethodHandle$Holder.newInvokeSpecial(java.lang.Object, java.lang.Object, int)'> (0x00000007117a05d8) 
thrown [s\open\src\hotspot\share\interpreter\linkResolver.cpp, line 759]
Event: 0.226 Thread 0x000001b35137b560 Exception <a 'java/lang/NoSuchMethodError'{0x00000007117b2028}: 'int java.lang.invoke.DirectMethodHandle$Holder.invokeStaticInit(java.lang.Object, java.lang.Object, long, long)'> (0x00000007117b2028) 
thrown [s\open\src\hotspot\share\interpreter\linkResolver.cpp, line 759]
Event: 0.227 Thread 0x000001b35137b560 Exception <a 'java/lang/NoSuchMethodError'{0x00000007117b8138}: 'java.lang.Object java.lang.invoke.DirectMethodHandle$Holder.newInvokeSpecial(java.lang.Object, java.lang.Object, long)'> (0x00000007117b8138) 
thrown [s\open\src\hotspot\share\interpreter\linkResolver.cpp, line 759]
Event: 0.228 Thread 0x000001b35137b560 Exception <a 'java/lang/NoSuchMethodError'{0x00000007117bc190}: 'java.lang.Object java.lang.invoke.Invokers$Holder.linkToTargetMethod(java.lang.Object, long, java.lang.Object)'> (0x00000007117bc190) 
thrown [s\open\src\hotspot\share\interpreter\linkResolver.cpp, line 759]
Event: 0.229 Thread 0x000001b35137b560 Exception <a 'java/lang/NoSuchMethodError'{0x00000007117c3738}: 'int java.lang.invoke.DirectMethodHandle$Holder.invokeStaticInit(java.lang.Object, java.lang.Object, java.lang.Object, long)'> (0x00000007117c3738) 
thrown [s\open\src\hotspot\share\interpreter\linkResolver.cpp, line 759]
Event: 0.246 Thread 0x000001b35137b560 Exception <a 'sun/nio/fs/WindowsException'{0x000000071144eaa0}> (0x000000071144eaa0) 
thrown [s\open\src\hotspot\share\prims\jni.cpp, line 516]
Event: 0.247 Thread 0x000001b35137b560 Exception <a 'sun/nio/fs/WindowsException'{0x000000071144ee30}> (0x000000071144ee30) 
thrown [s\open\src\hotspot\share\prims\jni.cpp, line 516]
Event: 0.265 Thread 0x000001b35137b560 Exception <a 'sun/nio/fs/WindowsException'{0x00000007114f7900}> (0x00000007114f7900) 
thrown [s\open\src\hotspot\share\prims\jni.cpp, line 516]
Event: 0.265 Thread 0x000001b35137b560 Exception <a 'sun/nio/fs/WindowsException'{0x00000007114f7c60}> (0x00000007114f7c60) 
thrown [s\open\src\hotspot\share\prims\jni.cpp, line 516]
Event: 0.267 Thread 0x000001b35137b560 Exception <a 'java/lang/NoSuchMethodError'{0x00000007114fcd38}: 'int java.lang.invoke.Invokers$Holder.invokeExact_MT(java.lang.Object, java.lang.Object)'> (0x00000007114fcd38) 
thrown [s\open\src\hotspot\share\interpreter\linkResolver.cpp, line 759]
Event: 0.302 Thread 0x000001b35137b560 Exception <a 'sun/nio/fs/WindowsException'{0x0000000711589d58}> (0x0000000711589d58) 
thrown [s\open\src\hotspot\share\prims\jni.cpp, line 516]
Event: 0.302 Thread 0x000001b35137b560 Exception <a 'sun/nio/fs/WindowsException'{0x000000071158a0d0}> (0x000000071158a0d0) 
thrown [s\open\src\hotspot\share\prims\jni.cpp, line 516]
Event: 0.580 Thread 0x000001b35137b560 Exception <a 'java/lang/NoSuchMethodError'{0x00000007115c7118}: 'java.lang.Object java.lang.invoke.DirectMethodHandle$Holder.newInvokeSpecial(java.lang.Object, long)'> (0x00000007115c7118) 
thrown [s\open\src\hotspot\share\interpreter\linkResolver.cpp, line 759]
Event: 0.661 Thread 0x000001b35137b560 Exception <a 'java/lang/NoSuchMethodError'{0x00000007112bd058}: 'void java.lang.System.load(java.lang.String, java.lang.Class)'> (0x00000007112bd058) 
thrown [s\open\src\hotspot\share\interpreter\linkResolver.cpp, line 759]
Event: 0.662 Thread 0x000001b35137b560 Exception <a 'java/lang/NoSuchMethodError'{0x00000007112bfee8}: 'void java.lang.System.loadLibrary(java.lang.String, java.lang.Class)'> (0x00000007112bfee8) 
thrown [s\open\src\hotspot\share\interpreter\linkResolver.cpp, line 759]
Event: 0.665 Thread 0x000001b35137b560 Exception <a 'sun/nio/fs/WindowsException'{0x00000007112d1b28}> (0x00000007112d1b28) 
thrown [s\open\src\hotspot\share\prims\jni.cpp, line 516]
Event: 0.665 Thread 0x000001b35137b560 Exception <a 'sun/nio/fs/WindowsException'{0x00000007112d1eb8}> (0x00000007112d1eb8) 
thrown [s\open\src\hotspot\share\prims\jni.cpp, line 516]
Event: 0.668 Thread 0x000001b35137b560 Exception <a 'sun/nio/fs/WindowsException'{0x00000007112dd7f8}> (0x00000007112dd7f8) 
thrown [s\open\src\hotspot\share\prims\jni.cpp, line 516]
Event: 0.668 Thread 0x000001b35137b560 Exception <a 'sun/nio/fs/WindowsException'{0x00000007112ddac8}> (0x00000007112ddac8) 
thrown [s\open\src\hotspot\share\prims\jni.cpp, line 516]

VM Operations (8 events):
Event: 0.081 Executing VM operation: HandshakeAllThreads
Event: 0.081 Executing VM operation: HandshakeAllThreads done
Event: 0.150 Executing VM operation: HandshakeAllThreads
Event: 0.150 Executing VM operation: HandshakeAllThreads done
Event: 0.188 Executing VM operation: HandshakeAllThreads
Event: 0.188 Executing VM operation: HandshakeAllThreads done
Event: 1.203 Executing VM operation: Cleanup
Event: 1.203 Executing VM operation: Cleanup done

Events (20 events):
Event: 0.016 Thread 0x000001b37609b660 Thread added: 0x000001b37609b660
Event: 0.025 Thread 0x000001b3760b6d10 Thread added: 0x000001b3760b6d10
Event: 0.025 Thread 0x000001b3760b76b0 Thread added: 0x000001b3760b76b0
Event: 0.025 Thread 0x000001b3760b8050 Thread added: 0x000001b3760b8050
Event: 0.025 Thread 0x000001b3760c0a00 Thread added: 0x000001b3760c0a00
Event: 0.025 Thread 0x000001b3760c8000 Thread added: 0x000001b3760c8000
Event: 0.025 Thread 0x000001b3760ccf20 Thread added: 0x000001b3760ccf20
Event: 0.025 Thread 0x000001b3760d9830 Thread added: 0x000001b3760d9830
Event: 0.068 Thread 0x000001b37a4bc820 Thread added: 0x000001b37a4bc820
Event: 0.070 Thread 0x000001b37a4be030 Thread added: 0x000001b37a4be030
Event: 0.074 Loaded shared library C:\Users\user\.jdks\openjdk-18.0.2.1\bin\net.dll
Event: 0.076 Loaded shared library C:\Users\user\.jdks\openjdk-18.0.2.1\bin\nio.dll
Event: 0.078 Loaded shared library C:\Users\user\.jdks\openjdk-18.0.2.1\bin\zip.dll
Event: 0.145 Loaded shared library C:\Users\user\.jdks\openjdk-18.0.2.1\bin\jimage.dll
Event: 0.153 Loaded shared library C:\Users\user\AppData\Local\Temp\libgdxuser\e787ab0a\gdx64.dll
Event: 0.216 Loaded shared library C:\Users\user\AppData\Local\Temp\lwjgluser\3.3.1-build-7\lwjgl.dll
Event: 0.667 Loaded shared library C:\Users\user\AppData\Local\Temp\lwjgluser\3.3.1-build-7\lwjgl_opengl.dll
Event: 0.914 Thread 0x000001b37af6a250 Thread added: 0x000001b37af6a250
Event: 0.978 Thread 0x000001b37a4bc350 Thread added: 0x000001b37a4bc350
Event: 1.764 Thread 0x000001b37af6a250 Thread exited: 0x000001b37af6a250


Dynamic libraries:
0x00007ff78fe40000 - 0x00007ff78fe4e000 	C:\Users\user\.jdks\openjdk-18.0.2.1\bin\java.exe
0x00007ffd7c970000 - 0x00007ffd7cb68000 	C:\WINDOWS\SYSTEM32\ntdll.dll
0x00007ffd7aee0000 - 0x00007ffd7af9f000 	C:\WINDOWS\System32\KERNEL32.DLL
0x00007ffd7a4c0000 - 0x00007ffd7a7b6000 	C:\WINDOWS\System32\KERNELBASE.dll
0x00007ffd7a150000 - 0x00007ffd7a250000 	C:\WINDOWS\System32\ucrtbase.dll
0x00007ffd6d4e0000 - 0x00007ffd6d4fa000 	C:\Users\user\.jdks\openjdk-18.0.2.1\bin\VCRUNTIME140.dll
0x00007ffd71020000 - 0x00007ffd71037000 	C:\Users\user\.jdks\openjdk-18.0.2.1\bin\jli.dll
0x00007ffd7b080000 - 0x00007ffd7b21d000 	C:\WINDOWS\System32\USER32.dll
0x00007ffd7a330000 - 0x00007ffd7a352000 	C:\WINDOWS\System32\win32u.dll
0x00007ffd6a8e0000 - 0x00007ffd6ab7a000 	C:\WINDOWS\WinSxS\amd64_microsoft.windows.common-controls_6595b64144ccf1df_6.0.19041.1110_none_60b5254171f9507e\COMCTL32.dll
0x00007ffd7ad30000 - 0x00007ffd7ad5c000 	C:\WINDOWS\System32\GDI32.dll
0x00007ffd7c350000 - 0x00007ffd7c3ee000 	C:\WINDOWS\System32\msvcrt.dll
0x00007ffd7a7c0000 - 0x00007ffd7a8d5000 	C:\WINDOWS\System32\gdi32full.dll
0x00007ffd7a8e0000 - 0x00007ffd7a97d000 	C:\WINDOWS\System32\msvcp_win.dll
0x00007ffd7b220000 - 0x00007ffd7b250000 	C:\WINDOWS\System32\IMM32.DLL
0x00007ffd73ad0000 - 0x00007ffd73adc000 	C:\Users\user\.jdks\openjdk-18.0.2.1\bin\vcruntime140_1.dll
0x00007ffd3cf60000 - 0x00007ffd3cfed000 	C:\Users\user\.jdks\openjdk-18.0.2.1\bin\msvcp140.dll
0x00007ffd14650000 - 0x00007ffd15261000 	C:\Users\user\.jdks\openjdk-18.0.2.1\bin\server\jvm.dll
0x00007ffd7b530000 - 0x00007ffd7b5df000 	C:\WINDOWS\System32\ADVAPI32.dll
0x00007ffd7adc0000 - 0x00007ffd7ae5c000 	C:\WINDOWS\System32\sechost.dll
0x00007ffd7be50000 - 0x00007ffd7bf76000 	C:\WINDOWS\System32\RPCRT4.dll
0x00007ffd7bf80000 - 0x00007ffd7bf88000 	C:\WINDOWS\System32\PSAPI.DLL
0x00007ffd74610000 - 0x00007ffd74619000 	C:\WINDOWS\SYSTEM32\WSOCK32.dll
0x00007ffd67870000 - 0x00007ffd67897000 	C:\WINDOWS\SYSTEM32\WINMM.dll
0x00007ffd7c000000 - 0x00007ffd7c06b000 	C:\WINDOWS\System32\WS2_32.dll
0x00007ffd74b90000 - 0x00007ffd74b9a000 	C:\WINDOWS\SYSTEM32\VERSION.dll
0x00007ffd77e20000 - 0x00007ffd77e32000 	C:\WINDOWS\SYSTEM32\kernel.appcore.dll
0x00007ffd725e0000 - 0x00007ffd725ea000 	C:\Users\user\.jdks\openjdk-18.0.2.1\bin\jimage.dll
0x00007ffd712a0000 - 0x00007ffd71484000 	C:\WINDOWS\SYSTEM32\DBGHELP.DLL
0x00007ffd71810000 - 0x00007ffd71844000 	C:\WINDOWS\SYSTEM32\dbgcore.DLL
0x00007ffd7a050000 - 0x00007ffd7a0d2000 	C:\WINDOWS\System32\bcryptPrimitives.dll
0x00007ffd55f60000 - 0x00007ffd55f85000 	C:\Users\user\.jdks\openjdk-18.0.2.1\bin\java.dll
0x00007ffd3b4f0000 - 0x00007ffd3b5c6000 	C:\Users\user\.jdks\openjdk-18.0.2.1\bin\jsvml.dll
0x00007ffd7b650000 - 0x00007ffd7bd94000 	C:\WINDOWS\System32\SHELL32.dll
0x00007ffd78100000 - 0x00007ffd78893000 	C:\WINDOWS\SYSTEM32\windows.storage.dll
0x00007ffd7a9d0000 - 0x00007ffd7ad24000 	C:\WINDOWS\System32\combase.dll
0x00007ffd79aa0000 - 0x00007ffd79ace000 	C:\WINDOWS\SYSTEM32\Wldp.dll
0x00007ffd7b250000 - 0x00007ffd7b2fd000 	C:\WINDOWS\System32\SHCORE.dll
0x00007ffd7ad60000 - 0x00007ffd7adb5000 	C:\WINDOWS\System32\shlwapi.dll
0x00007ffd79f90000 - 0x00007ffd79faf000 	C:\WINDOWS\SYSTEM32\profapi.dll
0x00007ffd5d940000 - 0x00007ffd5d953000 	C:\Users\user\.jdks\openjdk-18.0.2.1\bin\net.dll
0x00007ffd74230000 - 0x00007ffd7433a000 	C:\WINDOWS\SYSTEM32\WINHTTP.dll
0x00007ffd79800000 - 0x00007ffd7986a000 	C:\WINDOWS\system32\mswsock.dll
0x00007ffd55f40000 - 0x00007ffd55f56000 	C:\Users\user\.jdks\openjdk-18.0.2.1\bin\nio.dll
0x00007ffd54500000 - 0x00007ffd54518000 	C:\Users\user\.jdks\openjdk-18.0.2.1\bin\zip.dll
0x0000000063e30000 - 0x0000000063e59000 	C:\Users\user\AppData\Local\Temp\libgdxuser\e787ab0a\gdx64.dll
0x00007ffd445f0000 - 0x00007ffd44665000 	C:\Users\user\AppData\Local\Temp\lwjgluser\3.3.1-build-7\lwjgl.dll
0x00007ffd36160000 - 0x00007ffd363b9000 	C:\Users\user\AppData\Local\Temp\lwjgluser\3.3.1-build-7\jemalloc.dll
0x00007ffd514b0000 - 0x00007ffd51511000 	C:\Users\user\AppData\Local\Temp\lwjgluser\3.3.1-build-7\glfw.dll
0x00007ffd445a0000 - 0x00007ffd445e5000 	C:\WINDOWS\SYSTEM32\dinput8.dll
0x00007ffd20d40000 - 0x00007ffd20d51000 	C:\WINDOWS\SYSTEM32\xinput1_4.dll
0x00007ffd7a980000 - 0x00007ffd7a9ce000 	C:\WINDOWS\System32\cfgmgr32.dll
0x00007ffd79e00000 - 0x00007ffd79e2c000 	C:\WINDOWS\SYSTEM32\DEVOBJ.dll
0x00007ffd77df0000 - 0x00007ffd77e1f000 	C:\WINDOWS\SYSTEM32\dwmapi.dll
0x00007ffd6ae40000 - 0x00007ffd6af92000 	C:\WINDOWS\SYSTEM32\inputhost.dll
0x00007ffd7c3f0000 - 0x00007ffd7c4bd000 	C:\WINDOWS\System32\OLEAUT32.dll
0x00007ffd76cf0000 - 0x00007ffd76e44000 	C:\WINDOWS\SYSTEM32\wintypes.dll
0x00007ffd75a40000 - 0x00007ffd75b36000 	C:\WINDOWS\SYSTEM32\PROPSYS.dll
0x00007ffd77840000 - 0x00007ffd77932000 	C:\WINDOWS\SYSTEM32\CoreMessaging.dll
0x00007ffd773e0000 - 0x00007ffd7773e000 	C:\WINDOWS\SYSTEM32\CoreUIComponents.dll
0x00007ffd791f0000 - 0x00007ffd79223000 	C:\WINDOWS\SYSTEM32\ntmarta.dll
0x00007ffd77a30000 - 0x00007ffd77ace000 	C:\WINDOWS\system32\uxtheme.dll
0x00007ffd7b410000 - 0x00007ffd7b524000 	C:\WINDOWS\System32\MSCTF.dll
0x00007ffd3ad30000 - 0x00007ffd3aec7000 	C:\Users\user\AppData\Local\Temp\lwjgluser\3.3.1-build-7\OpenAL.dll
0x00007ffd7c070000 - 0x00007ffd7c19a000 	C:\WINDOWS\System32\ole32.dll
0x00007ffd7bda0000 - 0x00007ffd7be49000 	C:\WINDOWS\System32\clbcatq.dll
0x00007ffd72b40000 - 0x00007ffd72bc5000 	C:\WINDOWS\System32\MMDevApi.dll
0x00007ffd73370000 - 0x00007ffd734f2000 	C:\WINDOWS\SYSTEM32\AUDIOSES.DLL
0x00007ffd79610000 - 0x00007ffd7965b000 	C:\WINDOWS\SYSTEM32\powrprof.dll
0x00007ffd79480000 - 0x00007ffd79492000 	C:\WINDOWS\SYSTEM32\UMPDC.dll
0x00007ffd77af0000 - 0x00007ffd77b04000 	C:\WINDOWS\SYSTEM32\resourcepolicyclient.dll
0x00007ffd486b0000 - 0x00007ffd487d5000 	C:\WINDOWS\SYSTEM32\opengl32.dll
0x00007ffd48680000 - 0x00007ffd486ac000 	C:\WINDOWS\SYSTEM32\GLU32.dll
0x00007ffd72980000 - 0x00007ffd72a84000 	C:\Windows\System32\AppXDeploymentClient.dll
0x00007ffd04f10000 - 0x00007ffd05dcf000 	C:\WINDOWS\System32\DriverStore\FileRepository\igdlh64.inf_amd64_c9081e50bcffa972\ig9icd64.dll
0x00007ffd78900000 - 0x00007ffd789f3000 	C:\WINDOWS\SYSTEM32\dxgi.dll
0x00007ffd743b0000 - 0x00007ffd743c4000 	C:\WINDOWS\SYSTEM32\WTSAPI32.dll
0x00007ffd64970000 - 0x00007ffd649ab000 	C:\WINDOWS\SYSTEM32\dxcore.dll
0x00007ffd5f5e0000 - 0x00007ffd61375000 	C:\WINDOWS\System32\DriverStore\FileRepository\igdlh64.inf_amd64_c9081e50bcffa972\igc64.dll
0x00007ffd3cba0000 - 0x00007ffd3cbfd000 	C:\Users\user\AppData\Local\Temp\lwjgluser\3.3.1-build-7\lwjgl_opengl.dll
0x00007ffd6acc0000 - 0x00007ffd6adb9000 	C:\WINDOWS\SYSTEM32\textinputframework.dll

dbghelp: loaded successfully - version: 4.0.5 - missing functions: none
symbol engine: initialized successfully - sym options: 0x614 - pdb path: .;C:\Users\user\.jdks\openjdk-18.0.2.1\bin;C:\WINDOWS\SYSTEM32;C:\WINDOWS\WinSxS\amd64_microsoft.windows.common-controls_6595b64144ccf1df_6.0.19041.1110_none_60b5254171f9507e;C:\Users\user\.jdks\openjdk-18.0.2.1\bin\server;C:\Users\user\AppData\Local\Temp\libgdxuser\e787ab0a;C:\Users\user\AppData\Local\Temp\lwjgluser\3.3.1-build-7;C:\WINDOWS\System32\DriverStore\FileRepository\igdlh64.inf_amd64_c9081e50bcffa972

VM Arguments:
jvm_args: -Dfile.encoding=windows-1252 -Duser.country=ID -Duser.language=en -Duser.variant 
java_command: com.mygdx.game.DesktopLauncher
java_class_path (initial): M:\3_Git Path\kodoks\kodoks\desktop\build\classes\java\main;M:\3_Git Path\kodoks\kodoks\desktop\build\resources\main;C:\Users\user\.gradle\caches\modules-2\files-2.1\com.badlogicgames.gdx\gdx-backend-lwjgl3\1.11.0\58a96db4cd349be4292d547856aa1e1c5f065f4e\gdx-backend-lwjgl3-1.11.0.jar;C:\Users\user\.gradle\caches\modules-2\files-2.1\com.badlogicgames.gdx\gdx-platform\1.11.0\697fb13eada6d3c6ca648c9788692b0159add126\gdx-platform-1.11.0-natives-desktop.jar;M:\3_Git Path\kodoks\kodoks\core\build\libs\core-1.0.jar;C:\Users\user\.gradle\caches\modules-2\files-2.1\com.badlogicgames.gdx\gdx\1.11.0\ffe1206d1004cd9e40027e28964be0fea0399af7\gdx-1.11.0.jar;C:\Users\user\.gradle\caches\modules-2\files-2.1\org.lwjgl\lwjgl-glfw\3.3.1\cbac1b8d30cb4795149c1ef540f912671a8616d0\lwjgl-glfw-3.3.1.jar;C:\Users\user\.gradle\caches\modules-2\files-2.1\org.lwjgl\lwjgl-glfw\3.3.1\81716978214ecbda15050ca394b06ef61501a49e\lwjgl-glfw-3.3.1-natives-linux.jar;C:\Users\user\.gradle\caches\modules-2\files-2.1\org.lwjgl\lwjgl-glfw\3.3.1\816d935933f2dd743074c4e717cc25b55720f294\lwjgl-glfw-3.3.1-natives-linux-arm32.jar;C:\Users\user\.gradle\caches\modules-2\files-2.1\org.lwjgl\lwjgl-glfw\3.3.1\513eb39b866d0fe131a18d5c517087805433b029\lwjgl-glfw-3.3.1-natives-linux-arm64.jar;C:\Users\user\.gradle\caches\modules-2\files-2.1\org.lwjgl\lwjgl-glfw\3.3.1\9ec4ce1fc8c85fdef03ef4ff2aace6f5775fb280\lwjgl-glfw-3.3.1-natives-macos.jar;C:\Users\user\.gradle\caches\modules-2\files-2.1\org.lwjgl\lwjgl-glfw\3.3.1\cac0d3f712a3da7641fa174735a5f315de7ffe0a\lwjgl-glfw-3.3.1-natives-macos-arm64.jar;C:\Users\user\.gradle\caches\modules-2\files-2.1\org.lwjgl\lwjgl-glfw\3.3.1\ed892f945cf7e79c8756796f32d00fa4ceaf573b\lwjgl-glfw-3.3.1-natives-windows.jar;C:\Users\user\.gradle\caches\modules-2\files-2.1\org.lwjgl\lwjgl-glfw\3.3.1\b997e3391d6ce8f05487e7335d95c606043884a1\lwjgl-glfw-3.3.1-natives-windows-x86.jar;C:\Users\user\.gradle\caches\modules-2\files-2.1\org.lwjgl\lwjgl-jemalloc\3.3.1\a817bcf213db49f710603677457567c37d53e103\lwjgl-jemalloc-3.3.1.jar;C:\Users\user\.gradle\caches\modules-2\files-2.1\org.lwjgl\lwjgl-jemalloc\3.3.1\33dbb017b6ed6b25f993ad9d56741a49e7937718\lwjgl-jemalloc-3.3.1-natives-linux.jar;C:\Users\user\.gradle\caches\modules-2\files-2.1\org.lwjgl\lwjgl-jemalloc\3.3.1\a96a6d6cb3876d7813fcee53c3c24f246aeba3b3\lwjgl-jemalloc-3.3.1-natives-linux-arm32.jar;C:\Users\user\.gradle\caches\modules-2\files-2.1\org.lwjgl\lwjgl-jemalloc\3.3.1\c6606e57db075ad218a2e78d2416c159a53b6a0c\lwjgl-jemalloc-3.3.1-natives-linux-arm64.jar;C:\Users\user\.gradle\caches\modules-2\files-2.1\org.lwjgl\lwjgl-jemalloc\3.3.1\56424dc8db3cfb8e7b594aa6d59a4f4387b7f544\lwjgl-jemalloc-3.3.1-natives-macos.jar;C:\Users\user\.gradle\caches\modules-2\files-2.1\org.lwjgl\lwjgl-jemalloc\3.3.1\e577b87d8ad2ade361aaea2fcf226c660b15dee8\lwjgl-jemalloc-3.3.1-natives-macos-arm64.jar;C:\Users\user\.gradle\caches\modules-2\files-2.1\org.lwjgl\lwjgl-jemalloc\3.3.1\948a89b76a16aa324b046ae9308891216ffce5f9\lwjgl-jemalloc-3.3.1-natives-windows.jar;C:\Users\user\.gradle\caches\modules-2\files-2.1\org.lwjgl\lwjgl-jemalloc\3.3.1\fb476c8ec110e1c137ad3ce8a7f7bfe6b11c6324\lwjgl-jemalloc-3.3.1-natives-windows-x86.jar;C:\Users\user\.gradle\caches\modules-2\files-2.1\org.lwjgl\lwjgl-openal\3.3.1\2623a6b8ae1dfcd880738656a9f0243d2e6840bd\lwjgl-openal-3.3.1.jar;C:\Users\user\.gradle\caches\modules-2\files-2.1\org.lwjgl\lwjgl-openal\3.3.1\f906b6439f6daa66001182ea7727e3467a93681b\lwjgl-openal-3.3.1-natives-linux.jar;C:\Users\user\.gradle\caches\modules-2\files-2.1\org.lwjgl\lwjgl-openal\3.3.1\ffbe35d7fa5ec9b7eca136a7c71f24d4025a510b\lwjgl-openal-3.3.1-natives-linux-arm32.jar;C:\Users\user\.gradle\caches\modules-2\files-2.1\org.lwjgl\lwjgl-openal\3.3.1\cf4e303257e82981b8b2e31bba3d7f8f7b8f42b2\lwjgl-openal-3.3.1-natives-linux-arm64.jar;C:\Users\user\.gradle\caches\modules-2\files-2.1\org.lwjgl\lwjgl-openal\3.3.1\3a57b8911835fb58b5e558d0ca0d28157e263d45\lwjgl-openal-3.3.1-natives-macos.jar;C:\Users\user\.gradle\caches\modules-2\files-2.1\org.lwjgl\lwjgl-openal\3.3.1\23d55e7490b57495320f6c9e1936d78fd72c4ef8\lwjgl-openal-3.3.1-natives-macos-arm64.jar;C:\Users\user\.gradle\caches\modules-2\files-2.1\org.lwjgl\lwjgl-openal\3.3.1\30a474d0e57193d7bc128849a3ab66bc9316fdb1\lwjgl-openal-3.3.1-natives-windows.jar;C:\Users\user\.gradle\caches\modules-2\files-2.1\org.lwjgl\lwjgl-openal\3.3.1\888349f7b1be6fbae58bf8edfb9ef12def04c4e3\lwjgl-openal-3.3.1-natives-windows-x86.jar;C:\Users\user\.gradle\caches\modules-2\files-2.1\org.lwjgl\lwjgl-opengl\3.3.1\831a5533a21a5f4f81bbc51bb13e9899319b5411\lwjgl-opengl-3.3.1.jar;C:\Users\user\.gradle\caches\modules-2\files-2.1\org.lwjgl\lwjgl-opengl\3.3.1\ab9ab6fde3743e3550fa5d46d785ecb45b047d99\lwjgl-opengl-3.3.1-natives-linux.jar;C:\Users\user\.gradle\caches\modules-2\files-2.1\org.lwjgl\lwjgl-opengl\3.3.1\e3550fa91097fd56e361b4370fa822220fef3595\lwjgl-opengl-3.3.1-natives-linux-arm32.jar;C:\Users\user\.gradle\caches\modules-2\files-2.1\org.lwjgl\lwjgl-opengl\3.3.1\1c528fb258a6e63e8fceb4482d8db0f3af10a634\lwjgl-opengl-3.3.1-natives-linux-arm64.jar;C:\Users\user\.gradle\caches\modules-2\files-2.1\org.lwjgl\lwjgl-opengl\3.3.1\a0d12697ea019a7362eff26475b0531340e876a6\lwjgl-opengl-3.3.1-natives-macos.jar;C:\Users\user\.gradle\caches\modules-2\files-2.1\org.lwjgl\lwjgl-opengl\3.3.1\eafe34b871d966292e8db0f1f3d6b8b110d4e91d\lwjgl-opengl-3.3.1-natives-macos-arm64.jar;C:\Users\user\.gradle\caches\modules-2\files-2.1\org.lwjgl\lwjgl-opengl\3.3.1\c1807e9bd571402787d7e37e3029776ae2513bb8\lwjgl-opengl-3.3.1-natives-windows.jar;C:\Users\user\.gradle\caches\modules-2\files-2.1\org.lwjgl\lwjgl-opengl\3.3.1\deef3eb9b178ff2ff3ce893cc72ae741c3a17974\lwjgl-opengl-3.3.1-natives-windows-x86.jar;C:\Users\user\.gradle\caches\modules-2\files-2.1\org.lwjgl\lwjgl-stb\3.3.1\b119297cf8ed01f247abe8685857f8e7fcf5980f\lwjgl-stb-3.3.1.jar;C:\Users\user\.gradle\caches\modules-2\files-2.1\org.lwjgl\lwjgl-stb\3.3.1\3ee7aec8686e52867677110415566a5342a80230\lwjgl-stb-3.3.1-natives-linux.jar;C:\Users\user\.gradle\caches\modules-2\files-2.1\org.lwjgl\lwjgl-stb\3.3.1\b08226bab162c06ae69337d8a1b0ee0a3fdf0b90\lwjgl-stb-3.3.1-natives-linux-arm32.jar;C:\Users\user\.gradle\caches\modules-2\files-2.1\org.lwjgl\lwjgl-stb\3.3.1\8e8348a1813aad7f30aaf75ea197151ebb7beba9\lwjgl-stb-3.3.1-natives-linux-arm64.jar;C:\Users\user\.gradle\caches\modules-2\files-2.1\org.lwjgl\lwjgl-stb\3.3.1\def8879b8d38a47a4cc1d48b1f9a7b772e51258e\lwjgl-stb-3.3.1-natives-macos.jar;C:\Users\user\.gradle\caches\modules-2\files-2.1\org.lwjgl\lwjgl-stb\3.3.1\fcf073ed911752abdca5f0b00a53cfdf17ff8e8b\lwjgl-stb-3.3.1-natives-macos-arm64.jar;C:\Users\user\.gradle\caches\modules-2\files-2.1\org.lwjgl\lwjgl-stb\3.3.1\86315914ac119efdb02dc9e8e978ade84f1702af\lwjgl-stb-3.3.1-natives-windows.jar;C:\Users\user\.gradle\caches\modules-2\files-2.1\org.lwjgl\lwjgl-stb\3.3.1\a8d41f419eecb430b7c91ea2ce2c5c451cae2091\lwjgl-stb-3.3.1-natives-windows-x86.jar;C:\Users\user\.gradle\caches\modules-2\files-2.1\org.lwjgl\lwjgl\3.3.1\ae58664f88e18a9bb2c77b063833ca7aaec484cb\lwjgl-3.3.1.jar;C:\Users\user\.gradle\caches\modules-2\files-2.1\org.lwjgl\lwjgl\3.3.1\1de885aba434f934201b99f2f1afb142036ac189\lwjgl-3.3.1-natives-linux.jar;C:\Users\user\.gradle\caches\modules-2\files-2.1\org.lwjgl\lwjgl\3.3.1\41a3c1dd15d6b964eb8196dde69720a3e3e5e969\lwjgl-3.3.1-natives-linux-arm32.jar;C:\Users\user\.gradle\caches\modules-2\files-2.1\org.lwjgl\lwjgl\3.3.1\b597401014acb7196c76d97e15a6288f54f1f692\lwjgl-3.3.1-natives-linux-arm64.jar;C:\Users\user\.gradle\caches\modules-2\files-2.1\org.lwjgl\lwjgl\3.3.1\fc6bb723dec2cd031557dccb2a95f0ab80acb9db\lwjgl-3.3.1-natives-macos.jar;C:\Users\user\.gradle\caches\modules-2\files-2.1\org.lwjgl\lwjgl\3.3.1\71d0d5e469c9c95351eb949064497e3391616ac9\lwjgl-3.3.1-natives-macos-arm64.jar;C:\Users\user\.gradle\caches\modules-2\files-2.1\org.lwjgl\lwjgl\3.3.1\36c37f16ab611b3aa11f3bcf80b1d509b4ce6b\lwjgl-3.3.1-natives-windows.jar;C:\Users\user\.gradle\caches\modules-2\files-2.1\org.lwjgl\lwjgl\3.3.1\3b14f4beae9dd39791ec9e12190a9380cd8a3ce6\lwjgl-3.3.1-natives-windows-x86.jar;C:\Users\user\.gradle\caches\modules-2\files-2.1\com.badlogicgames.jlayer\jlayer\1.0.1-gdx\7cca83cec5c1b2f011362f4d85aabd71a73b049d\jlayer-1.0.1-gdx.jar;C:\Users\user\.gradle\caches\modules-2\files-2.1\org.jcraft\jorbis\0.0.17\8872d22b293e8f5d7d56ff92be966e6dc28ebdc6\jorbis-0.0.17.jar;C:\Users\user\.gradle\caches\modules-2\files-2.1\com.badlogicgames.gdx\gdx-jnigen-loader\2.3.1\2d472f69243631fbcb3d4c3f93dd2e137a6cb084\gdx-jnigen-loader-2.3.1.jar
Launcher Type: SUN_STANDARD

[Global flags]
     intx CICompilerCount                          = 4                                         {product} {ergonomic}
     uint ConcGCThreads                            = 2                                         {product} {ergonomic}
     uint G1ConcRefinementThreads                  = 8                                         {product} {ergonomic}
   size_t G1HeapRegionSize                         = 2097152                                   {product} {ergonomic}
    uintx GCDrainStackTargetSize                   = 64                                        {product} {ergonomic}
   size_t InitialHeapSize                          = 268435456                                 {product} {ergonomic}
   size_t MarkStackSize                            = 4194304                                   {product} {ergonomic}
   size_t MaxHeapSize                              = 4265607168                                {product} {ergonomic}
   size_t MaxNewSize                               = 2558525440                                {product} {ergonomic}
   size_t MinHeapDeltaBytes                        = 2097152                                   {product} {ergonomic}
   size_t MinHeapSize                              = 8388608                                   {product} {ergonomic}
    uintx NonNMethodCodeHeapSize                   = 5839372                                {pd product} {ergonomic}
    uintx NonProfiledCodeHeapSize                  = 122909434                              {pd product} {ergonomic}
    uintx ProfiledCodeHeapSize                     = 122909434                              {pd product} {ergonomic}
    uintx ReservedCodeCacheSize                    = 251658240                              {pd product} {ergonomic}
     bool SegmentedCodeCache                       = true                                      {product} {ergonomic}
   size_t SoftMaxHeapSize                          = 4265607168                             {manageable} {ergonomic}
     bool UseCompressedClassPointers               = true                           {product lp64_product} {ergonomic}
     bool UseCompressedOops                        = true                           {product lp64_product} {ergonomic}
     bool UseG1GC                                  = true                                      {product} {ergonomic}
     bool UseLargePagesIndividualAllocation        = false                                  {pd product} {ergonomic}

Logging:
Log output configuration:
 #0: stdout all=warning uptime,level,tags foldmultilines=false
 #1: stderr all=off uptime,level,tags foldmultilines=false

Environment Variables:
PATH=C:\Program Files (x86)\Common Files\Intel\Shared Files\cpp\bin\Intel64;C:\Windows\system32;C:\Windows;C:\Windows\System32\Wbem;C:\Windows\System32\WindowsPowerShell\v1.0\;C:\Program Files (x86)\NVIDIA Corporation\PhysX\Common;C:\WINDOWS\system32;C:\WINDOWS;C:\WINDOWS\System32\Wbem;C:\WINDOWS\System32\WindowsPowerShell\v1.0\;C:\WINDOWS\System32\OpenSSH\;C:\Program Files\NVIDIA Corporation\NVIDIA NvDLISR;C:\Program Files\Cloudflare\Cloudflare WARP;C:\Program Files\Cloudflare\Cloudflare WARP\;C:\Program Files (x86)\AOMEI;C:\Program Files\Git\cmd;C:\Users\user\AppData\Local\Microsoft\WindowsApps;C:\Users\user\AppData\Local\GitHubDesktop\bin
USERNAME=user
OS=Windows_NT
PROCESSOR_IDENTIFIER=Intel64 Family 6 Model 158 Stepping 9, GenuineIntel



---------------  S Y S T E M  ---------------

OS:
 Windows 10 , 64 bit Build 19041 (10.0.19041.3031)
OS uptime: 4 days 22:30 hours

CPU: total 8 (initial active 8) (4 cores per cpu, 2 threads per core) family 6 model 158 stepping 9 microcode 0xb4, cx8, cmov, fxsr, ht, mmx, 3dnowpref, sse, sse2, sse3, ssse3, sse4.1, sse4.2, popcnt, lzcnt, tsc, tscinvbit, avx, avx2, aes, erms, clmul, bmi1, bmi2, adx, fma, vzeroupper, clflush, clflushopt

Memory: 4k page, system-wide physical 16267M (5204M free)
TotalPageFile size 28555M (AvailPageFile size 8941M)
current process WorkingSet (physical memory assigned to process): 121M, peak: 124M
current process commit charge ("private bytes"): 393M, peak: 397M

vm_info: OpenJDK 64-Bit Server VM (18.0.2.1+1-1) for windows-amd64 JRE (18.0.2.1+1-1), built on Aug 16 2022 01:44:29 by "mach5one" with MS VC++ 16.8 / 16.9 (VS2019)

END.
